This is LuaHBTeX, Version 1.15.0 (TeX Live 2022/Debian)  (format=lualatex 2025.1.12)  8 FEB 2025 09:07
 restricted system commands enabled.
**output.tex
(./output.tex
LaTeX2e <2022-11-01> patch level 1
Lua module: luaotfload 2022-10-03 3.23 Lua based OpenType font support
Lua module: lualibs 2022-10-04 2.75 ConTeXt Lua standard libraries.
Lua module: lualibs-extended 2022-10-04 2.75 ConTeXt Lua libraries -- extended c
ollection.
luaotfload | conf : Root cache directory is "/home/norman/.texlive2022/texmf-var
/luatex-cache/generic/names".
luaotfload | init : Loading fontloader "fontloader-2022-10-03.lua" from kpse-res
olved path "/usr/share/texlive/texmf-dist/tex/luatex/luaotfload/fontloader-2022-
10-03.lua".
Lua-only attribute luaotfload@noligature = 1
luaotfload | init : Context OpenType loader version 3.120
Inserting `luaotfload.node_processor' in `pre_linebreak_filter'.
Inserting `luaotfload.node_processor' in `hpack_filter'.
Inserting `luaotfload.glyph_stream' in `glyph_stream_provider'.
Inserting `luaotfload.define_font' in `define_font'.
Lua-only attribute luaotfload_color_attribute = 2
luaotfload | conf : Root cache directory is "/home/norman/.texlive2022/texmf-var
/luatex-cache/generic/names".
Inserting `luaotfload.harf.strip_prefix' in `find_opentype_file'.
Inserting `luaotfload.harf.strip_prefix' in `find_truetype_file'.
Removing  `luaotfload.glyph_stream' from `glyph_stream_provider'.
Inserting `luaotfload.harf.glyphstream' in `glyph_stream_provider'.
Inserting `luaotfload.harf.finalize_vlist' in `post_linebreak_filter'.
Inserting `luaotfload.harf.finalize_hlist' in `hpack_filter'.
Inserting `luaotfload.cleanup_files' in `wrapup_run'.
Inserting `luaotfload.harf.finalize_unicode' in `finish_pdffile'.
Inserting `luaotfload.glyphinfo' in `glyph_info'.
Lua-only attribute luaotfload.letterspace_done = 3
Inserting `luaotfload.aux.set_sscale_dimens' in `luaotfload.patch_font'.
Inserting `luaotfload.aux.set_font_index' in `luaotfload.patch_font'.
Inserting `luaotfload.aux.patch_cambria_domh' in `luaotfload.patch_font'.
Inserting `luaotfload.aux.fixup_fontdata' in `luaotfload.patch_font_unsafe'.
Inserting `luaotfload.aux.set_capheight' in `luaotfload.patch_font'.
Inserting `luaotfload.aux.set_xheight' in `luaotfload.patch_font'.
Inserting `luaotfload.rewrite_fontname' in `luaotfload.patch_font'. L3 programm
ing layer <2023-01-16>
Inserting `tracingstacklevels' in `input_level_string'.
(/usr/share/texlive/texmf-dist/tex/latex/standalone/standalone.cls
Document Class: standalone 2022/10/10 v1.3b Class to compile TeX sub-files stan
dalone
(/usr/share/texlive/texmf-dist/tex/latex/tools/shellesc.sty
Package: shellesc 2019/11/08 v1.0c unified shell escape interface for LaTeX
Package shellesc Info: Restricted shell escape enabled on input line 77.
)
(/usr/share/texlive/texmf-dist/tex/generic/iftex/ifluatex.sty
Package: ifluatex 2019/10/25 v1.5 ifluatex legacy package. Use iftex instead.

(/usr/share/texlive/texmf-dist/tex/generic/iftex/iftex.sty
Package: iftex 2022/02/03 v1.0f TeX engine tests
))
(/usr/share/texlive/texmf-dist/tex/latex/xkeyval/xkeyval.sty
Package: xkeyval 2022/06/16 v2.9 package option processing (HA)

(/usr/share/texlive/texmf-dist/tex/generic/xkeyval/xkeyval.tex
(/usr/share/texlive/texmf-dist/tex/generic/xkeyval/xkvutils.tex
\XKV@toks=\toks16
\XKV@tempa@toks=\toks17

(/usr/share/texlive/texmf-dist/tex/generic/xkeyval/keyval.tex))
\XKV@depth=\count183
File: xkeyval.tex 2014/12/03 v2.7a key=value parser (HA)
))
\sa@internal=\count184
\c@sapage=\count185

(/usr/share/texlive/texmf-dist/tex/latex/standalone/standalone.cfg
File: standalone.cfg 2022/10/10 v1.3b Default configuration file for 'standalon
e' class
)
(/usr/share/texlive/texmf-dist/tex/latex/base/article.cls
Document Class: article 2022/07/02 v1.4n Standard LaTeX document class
(/usr/share/texlive/texmf-dist/tex/latex/base/size10.clo
File: size10.clo 2022/07/02 v1.4n Standard LaTeX file (size option)
luaotfload | db : Font names database loaded from /home/norman/.texlive2022/texm
f-var/luatex-cache/generic/names/luaotfload-names.luc.gz)
\c@part=\count186
\c@section=\count187
\c@subsection=\count188
\c@subsubsection=\count189
\c@paragraph=\count190
\c@subparagraph=\count191
\c@figure=\count192
\c@table=\count193
\abovecaptionskip=\skip48
\belowcaptionskip=\skip49
\bibindent=\dimen139
)
(/usr/share/texlive/texmf-dist/tex/generic/luatex85/luatex85.sty
Package: luatex85 2016/06/15 v1.4 pdftex aliases for luatex
)
(/usr/share/texlive/texmf-dist/tex/generic/pdftexcmds/pdftexcmds.sty
Package: pdftexcmds 2020-06-27 v0.33 Utility functions of pdfTeX for LuaTeX (HO
)

(/usr/share/texlive/texmf-dist/tex/generic/infwarerr/infwarerr.sty
Package: infwarerr 2019/12/03 v1.5 Providing info/warning/error messages (HO)
)
(/usr/share/texlive/texmf-dist/tex/generic/ltxcmds/ltxcmds.sty
Package: ltxcmds 2020-05-10 v1.25 LaTeX kernel commands for general use (HO)
)
Package pdftexcmds Info: \pdf@primitive is available.
Package pdftexcmds Info: \pdf@ifprimitive is available.
Package pdftexcmds Info: \pdfdraftmode found.
\pdftexcmds@toks=\toks18
)
(/usr/share/texlive/texmf-dist/tex/latex/varwidth/varwidth.sty
Package: varwidth 2009/03/30 ver 0.92;  Variable-width minipages
\@vwid@box=\box51
\sift@deathcycles=\count194
\@vwid@loff=\dimen140
\@vwid@roff=\dimen141
)
\sa@box=\box52
)
(/usr/share/texlive/texmf-dist/tex/latex/amsmath/amsmath.sty
Package: amsmath 2022/04/08 v2.17n AMS math features
\@mathmargin=\skip50

For additional information on amsmath, use the `?' option.
(/usr/share/texlive/texmf-dist/tex/latex/amsmath/amstext.sty
Package: amstext 2021/08/26 v2.01 AMS text

(/usr/share/texlive/texmf-dist/tex/latex/amsmath/amsgen.sty
File: amsgen.sty 1999/11/30 v2.0 generic functions
\@emptytoks=\toks19
\ex@=\dimen142
))
(/usr/share/texlive/texmf-dist/tex/latex/amsmath/amsbsy.sty
Package: amsbsy 1999/11/29 v1.2d Bold Symbols
\pmbraise@=\dimen143
)
(/usr/share/texlive/texmf-dist/tex/latex/amsmath/amsopn.sty
Package: amsopn 2022/04/08 v2.04 operator names
)
\inf@bad=\count195
LaTeX Info: Redefining \frac on input line 236.
\uproot@=\count196
\leftroot@=\count197
LaTeX Info: Redefining \overline on input line 399.
LaTeX Info: Redefining \colon on input line 410.
\classnum@=\count198
\DOTSCASE@=\count199
LaTeX Info: Redefining \ldots on input line 496.
LaTeX Info: Redefining \dots on input line 499.
LaTeX Info: Redefining \cdots on input line 620.
\Mathstrutbox@=\box53
\strutbox@=\box54
LaTeX Info: Redefining \big on input line 722.
LaTeX Info: Redefining \Big on input line 723.
LaTeX Info: Redefining \bigg on input line 724.
LaTeX Info: Redefining \Bigg on input line 725.
\big@size=\dimen144
LaTeX Font Info:    Redeclaring font encoding OML on input line 743.
LaTeX Font Info:    Redeclaring font encoding OMS on input line 744.
\macc@depth=\count266
LaTeX Info: Redefining \bmod on input line 905.
LaTeX Info: Redefining \pmod on input line 910.
LaTeX Info: Redefining \smash on input line 940.
LaTeX Info: Redefining \relbar on input line 970.
LaTeX Info: Redefining \Relbar on input line 971.
\c@MaxMatrixCols=\count267
\dotsspace@=\muskip16
\c@parentequation=\count268
\dspbrk@lvl=\count269
\tag@help=\toks20
\row@=\count270
\column@=\count271
\maxfields@=\count272
\andhelp@=\toks21
\eqnshift@=\dimen145
\alignsep@=\dimen146
\tagshift@=\dimen147
\tagwidth@=\dimen148
\totwidth@=\dimen149
\lineht@=\dimen150
\@envbody=\toks22
\multlinegap=\skip51
\multlinetaggap=\skip52
\mathdisplay@stack=\toks23
LaTeX Info: Redefining \[ on input line 2953.
LaTeX Info: Redefining \] on input line 2954.
)
(/usr/share/texlive/texmf-dist/tex/latex/l3backend/l3backend-luatex.def
File: l3backend-luatex.def 2023-01-16 L3 backend support: PDF output (LuaTeX)
\l__color_backend_stack_int=\count273
\l__pdf_internal_box=\box55
)
(./output.aux)
\openout1 = output.aux

LaTeX Font Info:    Checking defaults for OML/cmm/m/it on input line 3.
LaTeX Font Info:    ... okay on input line 3.
LaTeX Font Info:    Checking defaults for OMS/cmsy/m/n on input line 3.
LaTeX Font Info:    ... okay on input line 3.
LaTeX Font Info:    Checking defaults for OT1/cmr/m/n on input line 3.
LaTeX Font Info:    ... okay on input line 3.
LaTeX Font Info:    Checking defaults for T1/cmr/m/n on input line 3.
LaTeX Font Info:    ... okay on input line 3.
LaTeX Font Info:    Checking defaults for TS1/cmr/m/n on input line 3.
LaTeX Font Info:    Trying to load font information for TS1+cmr on input line 3
.
 (/usr/share/texlive/texmf-dist/tex/latex/base/ts1cmr.fd
File: ts1cmr.fd 2022/07/10 v2.5l Standard LaTeX font definitions
)
LaTeX Font Info:    ... okay on input line 3.
LaTeX Font Info:    Checking defaults for TU/lmr/m/n on input line 3.
LaTeX Font Info:    ... okay on input line 3.
LaTeX Font Info:    Checking defaults for OMX/cmex/m/n on input line 3.
LaTeX Font Info:    ... okay on input line 3.
LaTeX Font Info:    Checking defaults for U/cmr/m/n on input line 3.
LaTeX Font Info:    ... okay on input line 3.

! Extra alignment tab has been changed to \cr.
<recently read> \endtemplate 
             
l.6 ...8 & 216 & 220 & 218 & \dots & 7 & 8 & 4 & 8 &
                                                   9 \\
? 
! Extra alignment tab has been changed to \cr.
<recently read> \endtemplate 
             
l.7 ...9 & 216 & 214 & 222 & \dots & 8 & 8 & 5 & 5 &
                                                   4 \\
? 
! Extra alignment tab has been changed to \cr.
<recently read> \endtemplate 
             
l.8 ...8 & 218 & 225 & 220 & \dots & 5 & 4 & 5 & 6 &
                                                   7 \\
? 
! Extra alignment tab has been changed to \cr.
<recently read> \endtemplate 
             
l.9 ...7 & 216 & 223 & 218 & \dots & 9 & 7 & 7 & 7 &
                                                   7 \\
? 
! Extra alignment tab has been changed to \cr.
<recently read> \endtemplate 
             
l.10 ... & 219 & 220 & 220 & \dots & 8 & 6 & 6 & 7 &
                                                   8 \\
? 
! Extra alignment tab has been changed to \cr.
<recently read> \endtemplate 
             
l.11 ...\vdots & \vdots & \vdots & \vdots & \vdots &
                                                   \vdots \\
? 
! Extra alignment tab has been changed to \cr.
<recently read> \endtemplate 
             
l.12 ...& 53 & 49 & 50 & \dots & 13 & 12 & 11 & 13 &
                                                   11 \\
? 
! Extra alignment tab has been changed to \cr.
<recently read> \endtemplate 
             
l.13 ...& 50 & 45 & 51 & \dots & 10 & 11 & 11 & 11 &
                                                   11 \\
? 
! Extra alignment tab has been changed to \cr.
<recently read> \endtemplate 
             
l.14 ...& 41 & 43 & 53 & \dots & 11 & 11 & 11 & 11 &
                                                   12 \\
? 
! Extra alignment tab has been changed to \cr.
<recently read> \endtemplate 
             
l.15 ...& 53 & 43 & 46 & \dots & 12 & 11 & 11 & 11 &
                                                   12 \\
? 
! Extra alignment tab has been changed to \cr.
<recently read> \endtemplate 
             
l.16 ... & 42 & 42 & 51 & \dots & 6 & 11 & 12 & 10 &
                                                   12 \\
? 
! Extra alignment tab has been changed to \cr.
<recently read> \endtemplate 
             
l.21 ... & 209 & 213 & 211 & \dots & 6 & 7 & 3 & 7 &
                                                   8 \\
? 
! Extra alignment tab has been changed to \cr.
<recently read> \endtemplate 
             
l.22 ... & 209 & 207 & 215 & \dots & 7 & 7 & 4 & 4 &
                                                   3 \\
? 
! Extra alignment tab has been changed to \cr.
<recently read> \endtemplate 
             
l.23 ... & 210 & 217 & 214 & \dots & 4 & 3 & 4 & 5 &
                                                   6 \\
? 
! Extra alignment tab has been changed to \cr.
<recently read> \endtemplate 
             
l.24 ... & 208 & 216 & 212 & \dots & 8 & 6 & 6 & 6 &
                                                   6 \\
? 
! Extra alignment tab has been changed to \cr.
<recently read> \endtemplate 
             
l.25 ... & 213 & 215 & 214 & \dots & 7 & 5 & 5 & 6 &
                                                   7 \\
? 
! Extra alignment tab has been changed to \cr.
<recently read> \endtemplate 
             
l.26 ...\vdots & \vdots & \vdots & \vdots & \vdots &
                                                   \vdots \\
? 
! Extra alignment tab has been changed to \cr.
<recently read> \endtemplate 
             
l.27 ... & 33 & 29 & 30 & \dots & 11 & 10 & 9 & 11 &
                                                   9 \\
? 
! Extra alignment tab has been changed to \cr.
<recently read> \endtemplate 
             
l.28 ... 33 & 32 & 27 & 31 & \dots & 8 & 9 & 9 & 9 &
                                                   9 \\
? 
! Extra alignment tab has been changed to \cr.
<recently read> \endtemplate 
             
l.29 ... 33 & 25 & 27 & 33 & \dots & 9 & 9 & 9 & 9 &
                                                   10 \\
? 
! Extra alignment tab has been changed to \cr.
<recently read> \endtemplate 
             
l.30 ...31 & 37 & 27 & 26 & \dots & 10 & 9 & 9 & 9 &
                                                   10 \\
? 
! Extra alignment tab has been changed to \cr.
<recently read> \endtemplate 
             
l.31 ...33 & 26 & 26 & 31 & \dots & 4 & 9 & 10 & 8 &
                                                   10 \\
? 
! Extra alignment tab has been changed to \cr.
<recently read> \endtemplate 
             
l.36 ...183 & 187 & 185 & \dots & 11 & 12 & 8 & 12 &
                                                   13 \\
? 
! Extra alignment tab has been changed to \cr.
<recently read> \endtemplate 
             
l.37 ... 183 & 181 & 189 & \dots & 12 & 12 & 9 & 9 &
                                                   8 \\
? 
! Extra alignment tab has been changed to \cr.
<recently read> \endtemplate 
             
l.38 ...& 187 & 194 & 190 & \dots & 9 & 8 & 9 & 10 &
                                                   11 \\
? 
! Extra alignment tab has been changed to \cr.
<recently read> \endtemplate 
             
l.39 ...85 & 190 & 188 & \dots & 13 & 11 & 11 & 11 &
                                                   11 \\
? 
! Extra alignment tab has been changed to \cr.
<recently read> \endtemplate 
             
l.40 ...87 & 186 & 188 & \dots & 12 & 10 & 10 & 12 &
                                                   13 \\
? 
! Extra alignment tab has been changed to \cr.
<recently read> \endtemplate 
             
l.41 ...\vdots & \vdots & \vdots & \vdots & \vdots &
                                                   \vdots \\
? 
! Extra alignment tab has been changed to \cr.
<recently read> \endtemplate 
             
l.42 ...& 34 & 30 & 31 & \dots & 14 & 13 & 12 & 14 &
                                                   12 \\
? 
! Extra alignment tab has been changed to \cr.
<recently read> \endtemplate 
             
l.43 ...& 32 & 27 & 32 & \dots & 11 & 12 & 12 & 12 &
                                                   12 \\
? 
! Extra alignment tab has been changed to \cr.
<recently read> \endtemplate 
             
l.44 ...& 25 & 27 & 34 & \dots & 12 & 12 & 12 & 12 &
                                                   13 \\
? 
! Extra alignment tab has been changed to \cr.
<recently read> \endtemplate 
             
l.45 ...& 37 & 27 & 27 & \dots & 13 & 12 & 12 & 12 &
                                                   13 \\
? 
! Extra alignment tab has been changed to \cr.
<recently read> \endtemplate 
             
l.46 ... & 26 & 26 & 32 & \dots & 7 & 12 & 13 & 11 &
                                                   13 \\
? 
[1

{/var/lib/texmf/fonts/map/pdftex/updmap/pdftex.map}] (./output.aux))

Here is how much of LuaTeX's memory you used:
 2242 strings out of 478382
 125007,1977958 words of node,token memory allocated
 41020 words of node memory still in use:
   859 hlist, 45 vlist, 68 rule, 1 local_par, 794 math, 2123 glue, 47 kern, 1 pe
nalty, 1047 glyph, 989 attribute, 51 glue_spec, 989 attribute_list, 1 write node
s
   avail lists: 2:21,3:15,4:2,5:94,6:4,7:7942,8:7,9:1940
 22263 multiletter control sequences out of 65536+600000
 27 fonts using 1469007 bytes
 55i,11n,70p,204b,243s stack positions out of 10000i,1000n,20000p,200000b,200000s
</usr/share/texmf/fonts/opentype/public/lm/lmroman10-regular.otf></usr/share/tex
live/texmf-dist/fonts/type1/public/amsfonts/cm/cmex10.pfb></usr/share/texlive/te
xmf-dist/fonts/type1/public/amsfonts/cm/cmmi10.pfb></usr/share/texlive/texmf-dis
t/fonts/type1/public/amsfonts/cm/cmr10.pfb>
Output written on output.pdf (1 page, 30775 bytes).

PDF statistics: 27 PDF objects out of 1000 (max. 8388607)
 17 compressed objects within 1 object stream
 0 named destinations out of 1000 (max. 131072)
 1 words of extra memory for PDF output out of 10000 (max. 100000000)

